<?xml version="1.0" encoding="UTF-8"?>
<!-- Generated by org.testng.reporters.JUnitReportReporter -->
<testsuite hostname="DELL" failures="0" tests="1" name="wEBDRIVER5.Validationmethod" time="19.359" errors="0" timestamp="2024-04-08T19:40:22 IST" skipped="0">
  <testcase classname="wEBDRIVER5.Validationmethod" name="vmethod2" time="19.359"/>
  <system-out/>
</testsuite> <!-- wEBDRIVER5.Validationmethod -->
