<?xml version="1.0" encoding="UTF-8"?>
<!-- Generated by org.testng.reporters.JUnitReportReporter -->
<testsuite hostname="DELL" failures="0" tests="1" name="wEBDRIVER9.MONTHLISTPRINTING" time="9.140" errors="0" timestamp="2024-04-08T20:07:36 IST" skipped="0">
  <testcase classname="wEBDRIVER9.MONTHLISTPRINTING" name="monthlist" time="9.140"/>
  <system-out/>
</testsuite> <!-- wEBDRIVER9.MONTHLISTPRINTING -->
