<?xml version="1.0" encoding="UTF-8"?>
<!-- Generated by org.testng.reporters.JUnitReportReporter -->
<testsuite hostname="DELL" failures="0" tests="1" name="wEBDRIVER9.YEARLISTBOXPRINTING" time="11.917" errors="0" timestamp="2024-04-08T20:09:04 IST" skipped="0">
  <testcase classname="wEBDRIVER9.YEARLISTBOXPRINTING" name="yearlist" time="11.917"/>
  <system-out/>
</testsuite> <!-- wEBDRIVER9.YEARLISTBOXPRINTING -->
