<?xml version="1.0" encoding="UTF-8"?>
<!-- Generated by org.testng.reporters.JUnitReportReporter -->
<testsuite hostname="DELL" failures="0" tests="1" name="wEBDRIVER8.SELECTIONMETHODS" time="26.230" errors="0" timestamp="2024-04-08T19:52:45 IST" skipped="0">
  <testcase classname="wEBDRIVER8.SELECTIONMETHODS" name="select" time="26.230"/>
  <system-out/>
</testsuite> <!-- wEBDRIVER8.SELECTIONMETHODS -->
