<?xml version="1.0" encoding="UTF-8"?>
<!-- Generated by org.testng.reporters.JUnitReportReporter -->
<testsuite hostname="DELL" failures="0" tests="1" name="wEBDRIVER2.WEBELEMENTMETHODS" time="16.574" errors="0" timestamp="2024-04-08T19:34:54 IST" skipped="0">
  <testcase classname="wEBDRIVER2.WEBELEMENTMETHODS" name="webelements" time="16.574"/>
  <system-out/>
</testsuite> <!-- wEBDRIVER2.WEBELEMENTMETHODS -->
