<?xml version="1.0" encoding="UTF-8"?>
<!-- Generated by org.testng.reporters.JUnitReportReporter -->
<testsuite hostname="DELL" failures="0" tests="1" name="wEBDRIVER7.Navigationmethods" time="21.043" errors="0" timestamp="2024-04-08T19:45:30 IST" skipped="0">
  <testcase classname="wEBDRIVER7.Navigationmethods" name="navigate" time="21.043"/>
  <system-out/>
</testsuite> <!-- wEBDRIVER7.Navigationmethods -->
