<?xml version="1.0" encoding="UTF-8"?>
<!-- Generated by org.testng.reporters.JUnitReportReporter -->
<testsuite hostname="DELL" failures="0" tests="1" name="webdriver4.Validationmathods" time="13.177" errors="0" timestamp="2024-04-08T19:38:27 IST" skipped="0">
  <testcase classname="webdriver4.Validationmathods" name="vmethods" time="13.177"/>
  <system-out/>
</testsuite> <!-- webdriver4.Validationmathods -->
