<?xml version="1.0" encoding="UTF-8"?>
<!-- Generated by org.testng.reporters.JUnitReportReporter -->
<testsuite hostname="DELL" failures="0" tests="1" name="calenders1.DATEPICKER" time="71.048" errors="0" timestamp="2024-04-10T19:35:44 IST" skipped="0">
  <testcase classname="calenders1.DATEPICKER" name="datepicker" time="71.048"/>
  <system-out/>
</testsuite> <!-- calenders1.DATEPICKER -->
