<?xml version="1.0" encoding="UTF-8"?>
<!-- Generated by org.testng.reporters.JUnitReportReporter -->
<testsuite hostname="DELL" failures="0" tests="1" name="actions.ACTIONS_ONgoogle" time="29.944" errors="0" timestamp="2024-04-10T19:19:57 IST" skipped="0">
  <testcase classname="actions.ACTIONS_ONgoogle" name="google" time="29.944"/>
  <system-out/>
</testsuite> <!-- actions.ACTIONS_ONgoogle -->
