<?xml version="1.0" encoding="UTF-8"?>
<!-- Generated by org.testng.reporters.JUnitReportReporter -->
<testsuite hostname="DELL" failures="0" tests="1" name="wEBDRIVER8.NAVIGATIONCOMMANDS" time="37.972" errors="0" timestamp="2024-04-08T19:50:17 IST" skipped="0">
  <testcase classname="wEBDRIVER8.NAVIGATIONCOMMANDS" name="navigate2" time="37.972"/>
  <system-out/>
</testsuite> <!-- wEBDRIVER8.NAVIGATIONCOMMANDS -->
