<?xml version="1.0" encoding="UTF-8"?>
<!-- Generated by org.testng.reporters.JUnitReportReporter -->
<testsuite hostname="DELL" failures="0" tests="1" name="waitstatements1.Implicitlywait1" time="6.935" errors="0" timestamp="2024-04-08T20:15:50 IST" skipped="0">
  <testcase classname="waitstatements1.Implicitlywait1" name="implit" time="6.935"/>
  <system-out/>
</testsuite> <!-- waitstatements1.Implicitlywait1 -->
