<?xml version="1.0" encoding="UTF-8"?>
<!-- Generated by org.testng.reporters.JUnitReportReporter -->
<testsuite hostname="DELL" failures="0" tests="1" name="actions6.DRAGANDDROP_BY" time="10.501" errors="0" timestamp="2024-04-10T19:33:23 IST" skipped="0">
  <testcase classname="actions6.DRAGANDDROP_BY" name="DragAndDrop" time="10.501"/>
  <system-out/>
</testsuite> <!-- actions6.DRAGANDDROP_BY -->
