<?xml version="1.0" encoding="UTF-8"?>
<!-- Generated by org.testng.reporters.JUnitReportReporter -->
<testsuite hostname="DELL" failures="0" tests="1" name="actions3.Multiple_Actions_select_controlstatements" time="47.391" errors="0" timestamp="2024-04-10T19:25:39 IST" skipped="0">
  <testcase classname="actions3.Multiple_Actions_select_controlstatements" name="select" time="47.391"/>
  <system-out/>
</testsuite> <!-- actions3.Multiple_Actions_select_controlstatements -->
