<?xml version="1.0" encoding="UTF-8"?>
<!-- Generated by org.testng.reporters.JUnitReportReporter -->
<testsuite hostname="DELL" failures="0" tests="1" name="conditinalstatements.VERIFYCHECKBOX" time="10.418" errors="0" timestamp="2024-04-10T19:37:24 IST" skipped="0">
  <testcase classname="conditinalstatements.VERIFYCHECKBOX" name="checkbox" time="10.418"/>
  <system-out/>
</testsuite> <!-- conditinalstatements.VERIFYCHECKBOX -->
