<?xml version="1.0" encoding="UTF-8"?>
<!-- Generated by org.testng.reporters.JUnitReportReporter -->
<testsuite hostname="DELL" failures="0" tests="1" name="webdriver6.Validation" time="9.109" errors="0" timestamp="2024-04-08T19:42:02 IST" skipped="0">
  <testcase classname="webdriver6.Validation" name="valid" time="9.109"/>
  <system-out/>
</testsuite> <!-- webdriver6.Validation -->
