<?xml version="1.0" encoding="UTF-8"?>
<!-- Generated by org.testng.reporters.JUnitReportReporter -->
<testsuite hostname="DELL" failures="0" tests="1" name="actions5.DRAGNADDROP_SOURCEANDTARGET" time="22.417" errors="0" timestamp="2024-04-10T19:32:19 IST" skipped="0">
  <testcase classname="actions5.DRAGNADDROP_SOURCEANDTARGET" name="draganddrop" time="22.417"/>
  <system-out/>
</testsuite> <!-- actions5.DRAGNADDROP_SOURCEANDTARGET -->
