<?xml version="1.0" encoding="UTF-8"?>
<!-- Generated by org.testng.reporters.JUnitReportReporter -->
<testsuite hostname="DELL" failures="0" tests="1" name="wEBELEMENTMETHODS.CONDITIONMETHODS" time="21.459" errors="0" timestamp="2024-04-08T20:13:28 IST" skipped="0">
  <testcase classname="wEBELEMENTMETHODS.CONDITIONMETHODS" name="conditionmethod" time="21.459"/>
  <system-out/>
</testsuite> <!-- wEBELEMENTMETHODS.CONDITIONMETHODS -->
