<?xml version="1.0" encoding="UTF-8"?>
<!-- Generated by org.testng.reporters.JUnitReportReporter -->
<testsuite hostname="DELL" failures="0" tests="1" name="wEBDRIVER.Validationmethods" time="9.662" errors="0" timestamp="2024-04-08T19:16:41 IST" skipped="0">
  <testcase classname="wEBDRIVER.Validationmethods" name="urllength" time="9.662"/>
  <system-out/>
</testsuite> <!-- wEBDRIVER.Validationmethods -->
