<?xml version="1.0" encoding="UTF-8"?>
<!-- Generated by org.testng.reporters.JUnitReportReporter -->
<testsuite hostname="DELL" failures="0" tests="1" name="wEBDRIVER3.VALIDATIONMETHODS" time="9.858" errors="0" timestamp="2024-04-08T19:35:54 IST" skipped="0">
  <testcase classname="wEBDRIVER3.VALIDATIONMETHODS" name="validation" time="9.858"/>
  <system-out>
    <![CDATA[Primus BANK
http://primusbank.qedgetech.com/]]>
  </system-out>
</testsuite> <!-- wEBDRIVER3.VALIDATIONMETHODS -->
