<?xml version="1.0" encoding="UTF-8"?>
<!-- Generated by org.testng.reporters.JUnitReportReporter -->
<testsuite hostname="DELL" failures="0" tests="1" name="actions4.MULTIPLEMETHODS" time="59.260" errors="0" timestamp="2024-04-10T19:30:44 IST" skipped="0">
  <testcase classname="actions4.MULTIPLEMETHODS" name="multiple" time="59.260"/>
  <system-out/>
</testsuite> <!-- actions4.MULTIPLEMETHODS -->
