<?xml version="1.0" encoding="UTF-8"?>
<!-- Generated by org.testng.reporters.JUnitReportReporter -->
<testsuite hostname="DELL" failures="0" tests="1" name="waitstatements2.ExplicitlyWaitStatements" time="8.407" errors="0" timestamp="2024-04-08T20:16:39 IST" skipped="0">
  <testcase classname="waitstatements2.ExplicitlyWaitStatements" name="explicit" time="8.407"/>
  <system-out/>
</testsuite> <!-- waitstatements2.ExplicitlyWaitStatements -->
