<?xml version="1.0" encoding="UTF-8"?>
<!-- Generated by org.testng.reporters.JUnitReportReporter -->
<testsuite hostname="DELL" failures="0" tests="1" name="wEBDRIVER.broweser" time="8.216" errors="0" timestamp="2024-04-04T19:48:20 IST" skipped="0">
  <testcase classname="wEBDRIVER.broweser" name="browser" time="8.216"/>
  <system-out/>
</testsuite> <!-- wEBDRIVER.broweser -->
