<?xml version="1.0" encoding="UTF-8"?>
<!-- Generated by org.testng.reporters.JUnitReportReporter -->
<testsuite hostname="DELL" failures="0" tests="1" name="wEBDRIVER8.FINDELEMENTS" time="15.069" errors="0" timestamp="2024-04-08T19:47:04 IST" skipped="0">
  <testcase classname="wEBDRIVER8.FINDELEMENTS" name="element" time="15.069"/>
  <system-out/>
</testsuite> <!-- wEBDRIVER8.FINDELEMENTS -->
